<?xml version="1.0" encoding="UTF-8"?>
<!-- Generated by org.testng.reporters.JUnitReportReporter -->
<testsuite hostname="DESKTOP-HIN4ESK" failures="0" tests="7" name="Employee_Test.TC_007_EmployeeTest" time="0.012" errors="0" timestamp="2024-08-21T11:57:08 IST" skipped="0">
  <testcase classname="Employee_Test.TC_007_EmployeeTest" name="createEmployee" time="0.007"/>
  <system-out/>
  <testcase classname="Employee_Test.TC_007_EmployeeTest" name="deleteEmployee" time="0.000"/>
  <system-out/>
  <testcase classname="Employee_Test.TC_007_EmployeeTest" name="createEmployee" time="0.001"/>
  <system-out/>
  <testcase classname="Employee_Test.TC_007_EmployeeTest" name="getEmployeeDetails" time="0.001"/>
  <system-out/>
  <testcase classname="Employee_Test.TC_007_EmployeeTest" name="updateEmployee" time="0.001"/>
  <system-out/>
  <testcase classname="Employee_Test.TC_007_EmployeeTest" name="getEmployeeDetails" time="0.001"/>
  <system-out/>
  <testcase classname="Employee_Test.TC_007_EmployeeTest" name="deleteEmployee" time="0.001"/>
  <system-out/>
</testsuite> <!-- Employee_Test.TC_007_EmployeeTest -->
